[0.016s] Invoking command in '/home/vin/base_ws/src/bot/build/bot': CMAKE_PREFIX_PATH=${CMAKE_PREFIX_PATH}:/opt/ros/foxy /usr/bin/cmake /home/vin/base_ws/src/bot -DAMENT_CMAKE_SYMLINK_INSTALL=1 -DCMAKE_INSTALL_PREFIX=/home/vin/base_ws/src/bot/install/bot
[0.069s] -- The C compiler identification is GNU 9.4.0
[0.120s] -- The CXX compiler identification is GNU 9.4.0
[0.124s] -- Check for working C compiler: /usr/bin/cc
[0.188s] -- Check for working C compiler: /usr/bin/cc -- works
[0.189s] -- Detecting C compiler ABI info
[0.253s] -- Detecting C compiler ABI info - done
[0.264s] -- Detecting C compile features
[0.265s] -- Detecting C compile features - done
[0.270s] -- Check for working CXX compiler: /usr/bin/c++
[0.344s] -- Check for working CXX compiler: /usr/bin/c++ -- works
[0.345s] -- Detecting CXX compiler ABI info
[0.421s] -- Detecting CXX compiler ABI info - done
[0.431s] -- Detecting CXX compile features
[0.435s] -- Detecting CXX compile features - done
[0.435s] -- Found ament_cmake: 0.9.11 (/opt/ros/foxy/share/ament_cmake/cmake)
[0.460s] -- Found PythonInterp: /usr/bin/python3 (found suitable version "3.8.10", minimum required is "3") 
[0.460s] -- Using PYTHON_EXECUTABLE: /usr/bin/python3
[0.624s] -- Override CMake install command with custom implementation using symlinks instead of copying resources
[0.647s] -- Found ament_lint_auto: 0.9.8 (/opt/ros/foxy/share/ament_lint_auto/cmake)
[0.723s] -- Added test 'copyright' to check source files copyright and LICENSE
[0.732s] -- Added test 'cppcheck' to perform static code analysis on C / C++ code
[0.732s] -- Configured cppcheck include dirs: 
[0.732s] -- Configured cppcheck exclude dirs and/or files: 
[0.742s] -- Added test 'cpplint' to check C / C++ code against the Google style
[0.742s] -- Configured cpplint exclude dirs and/or files: 
[0.743s] -- Added test 'flake8' to check Python code syntax and style conventions
[0.746s] -- Added test 'lint_cmake' to check CMake code style
[0.748s] -- Added test 'pep257' to check Python code against some of the style conventions in PEP 257
[0.757s] -- Added test 'uncrustify' to check C / C++ code style
[0.758s] -- Configured uncrustify additional arguments: 
[0.759s] -- Added test 'xmllint' to check XML markup files
[0.761s] -- Configuring done
[0.763s] -- Generating done
[0.764s] -- Build files have been written to: /home/vin/base_ws/src/bot/build/bot
[0.767s] Invoked command in '/home/vin/base_ws/src/bot/build/bot' returned '0': CMAKE_PREFIX_PATH=${CMAKE_PREFIX_PATH}:/opt/ros/foxy /usr/bin/cmake /home/vin/base_ws/src/bot -DAMENT_CMAKE_SYMLINK_INSTALL=1 -DCMAKE_INSTALL_PREFIX=/home/vin/base_ws/src/bot/install/bot
[0.770s] Invoking command in '/home/vin/base_ws/src/bot/build/bot': CMAKE_PREFIX_PATH=${CMAKE_PREFIX_PATH}:/opt/ros/foxy /usr/bin/cmake --build /home/vin/base_ws/src/bot/build/bot -- -j4 -l4
[0.817s] Invoked command in '/home/vin/base_ws/src/bot/build/bot' returned '0': CMAKE_PREFIX_PATH=${CMAKE_PREFIX_PATH}:/opt/ros/foxy /usr/bin/cmake --build /home/vin/base_ws/src/bot/build/bot -- -j4 -l4
[0.854s] Invoking command in '/home/vin/base_ws/src/bot/build/bot': CMAKE_PREFIX_PATH=${CMAKE_PREFIX_PATH}:/opt/ros/foxy /usr/bin/cmake --install /home/vin/base_ws/src/bot/build/bot
[0.861s] -- Install configuration: ""
[0.862s] -- Execute custom install script
[0.863s] -- Symlinking: /home/vin/base_ws/src/bot/install/bot/share/bot/config/empty.yaml
[0.871s] -- Symlinking: /home/vin/base_ws/src/bot/install/bot/share/bot/config/visuals.rviz
[0.880s] -- Symlinking: /home/vin/base_ws/src/bot/install/bot/share/bot/description/inertial_macros.xacro
[0.889s] -- Symlinking: /home/vin/base_ws/src/bot/install/bot/share/bot/description/robot.urdf.xacro
[0.898s] -- Symlinking: /home/vin/base_ws/src/bot/install/bot/share/bot/description/robot_core.xacro
[0.910s] -- Symlinking: /home/vin/base_ws/src/bot/install/bot/share/bot/launch/launch_sim.launch.py
[0.919s] -- Symlinking: /home/vin/base_ws/src/bot/install/bot/share/bot/launch/rsp.launch.py
[0.929s] -- Symlinking: /home/vin/base_ws/src/bot/install/bot/share/bot/worlds/empty.world
[0.938s] -- Symlinking: /home/vin/base_ws/src/bot/install/bot/share/ament_index/resource_index/package_run_dependencies/bot
[0.947s] -- Symlinking: /home/vin/base_ws/src/bot/install/bot/share/ament_index/resource_index/parent_prefix_path/bot
[0.956s] -- Symlinking: /home/vin/base_ws/src/bot/install/bot/share/bot/environment/ament_prefix_path.sh
[0.967s] -- Symlinking: /home/vin/base_ws/src/bot/install/bot/share/bot/environment/ament_prefix_path.dsv
[0.975s] -- Symlinking: /home/vin/base_ws/src/bot/install/bot/share/bot/environment/path.sh
[0.983s] -- Symlinking: /home/vin/base_ws/src/bot/install/bot/share/bot/environment/path.dsv
[0.992s] -- Symlinking: /home/vin/base_ws/src/bot/install/bot/share/bot/local_setup.bash
[1.001s] -- Symlinking: /home/vin/base_ws/src/bot/install/bot/share/bot/local_setup.sh
[1.010s] -- Symlinking: /home/vin/base_ws/src/bot/install/bot/share/bot/local_setup.zsh
[1.018s] -- Symlinking: /home/vin/base_ws/src/bot/install/bot/share/bot/local_setup.dsv
[1.027s] -- Symlinking: /home/vin/base_ws/src/bot/install/bot/share/bot/package.dsv
[1.037s] -- Symlinking: /home/vin/base_ws/src/bot/install/bot/share/ament_index/resource_index/packages/bot
[1.047s] -- Symlinking: /home/vin/base_ws/src/bot/install/bot/share/bot/cmake/botConfig.cmake
[1.056s] -- Symlinking: /home/vin/base_ws/src/bot/install/bot/share/bot/cmake/botConfig-version.cmake
[1.065s] -- Symlinking: /home/vin/base_ws/src/bot/install/bot/share/bot/package.xml
[1.078s] Invoked command in '/home/vin/base_ws/src/bot/build/bot' returned '0': CMAKE_PREFIX_PATH=${CMAKE_PREFIX_PATH}:/opt/ros/foxy /usr/bin/cmake --install /home/vin/base_ws/src/bot/build/bot
