[0.280s] DEBUG:colcon:Command line arguments: ['/usr/bin/colcon', 'build', '--symlink-install']
[0.280s] DEBUG:colcon:Parsed command line arguments: Namespace(allow_overriding=[], ament_cmake_args=None, base_paths=['.'], build_base='build', catkin_cmake_args=None, catkin_skip_building_tests=False, cmake_args=None, cmake_clean_cache=False, cmake_clean_first=False, cmake_force_configure=False, cmake_target=None, cmake_target_skip_unavailable=False, continue_on_error=False, event_handlers=None, executor='parallel', ignore_user_meta=False, install_base='install', log_base=None, log_level=None, main=<bound method BuildVerb.main of <colcon_core.verb.build.BuildVerb object at 0x7f31bc1e3af0>>, merge_install=False, metas=['./colcon.meta'], packages_above=None, packages_above_and_dependencies=None, packages_above_depth=None, packages_end=None, packages_ignore=None, packages_ignore_regex=None, packages_select=None, packages_select_build_failed=False, packages_select_by_dep=None, packages_select_regex=None, packages_select_test_failures=False, packages_skip=None, packages_skip_build_finished=False, packages_skip_by_dep=None, packages_skip_regex=None, packages_skip_test_passed=False, packages_skip_up_to=None, packages_start=None, packages_up_to=None, packages_up_to_regex=None, parallel_workers=4, paths=None, symlink_install=True, test_result_base=None, verb_extension=<colcon_core.verb.build.BuildVerb object at 0x7f31bc1e3af0>, verb_name='build', verb_parser=<colcon_defaults.argument_parser.defaults.DefaultArgumentsDecorator object at 0x7f31bc1ed0a0>)
[0.304s] Level 1:colcon.colcon_core.package_discovery:discover_packages(colcon_meta) check parameters
[0.304s] Level 1:colcon.colcon_core.package_discovery:discover_packages(recursive) check parameters
[0.304s] Level 1:colcon.colcon_core.package_discovery:discover_packages(ignore) check parameters
[0.304s] Level 1:colcon.colcon_core.package_discovery:discover_packages(path) check parameters
[0.304s] Level 1:colcon.colcon_core.package_discovery:discover_packages(colcon_meta) discover
[0.304s] Level 1:colcon.colcon_core.package_discovery:discover_packages(recursive) discover
[0.304s] INFO:colcon.colcon_core.package_discovery:Crawling recursively for packages in '/home/vin/base_ws/src/bot'
[0.304s] Level 1:colcon.colcon_core.package_identification:_identify(.) by extensions ['ignore', 'ignore_ament_install']
[0.304s] Level 1:colcon.colcon_core.package_identification:_identify(.) by extension 'ignore'
[0.304s] Level 1:colcon.colcon_core.package_identification:_identify(.) by extension 'ignore_ament_install'
[0.304s] Level 1:colcon.colcon_core.package_identification:_identify(.) by extensions ['colcon_pkg']
[0.304s] Level 1:colcon.colcon_core.package_identification:_identify(.) by extension 'colcon_pkg'
[0.305s] Level 1:colcon.colcon_core.package_identification:_identify(.) by extensions ['colcon_meta']
[0.305s] Level 1:colcon.colcon_core.package_identification:_identify(.) by extension 'colcon_meta'
[0.305s] Level 1:colcon.colcon_core.package_identification:_identify(.) by extensions ['ros']
[0.305s] Level 1:colcon.colcon_core.package_identification:_identify(.) by extension 'ros'
[0.326s] DEBUG:colcon.colcon_core.package_identification:Package '.' with type 'ros.ament_cmake' and name 'bot'
[0.326s] Level 1:colcon.colcon_core.package_discovery:discover_packages(recursive) using defaults
[0.326s] Level 1:colcon.colcon_core.package_discovery:discover_packages(ignore) discover
[0.326s] Level 1:colcon.colcon_core.package_discovery:discover_packages(ignore) using defaults
[0.326s] Level 1:colcon.colcon_core.package_discovery:discover_packages(path) discover
[0.326s] Level 1:colcon.colcon_core.package_discovery:discover_packages(path) using defaults
[0.343s] Level 1:colcon.colcon_core.package_discovery:discover_packages(prefix_path) check parameters
[0.344s] Level 1:colcon.colcon_core.package_discovery:discover_packages(prefix_path) discover
[0.346s] DEBUG:colcon.colcon_installed_package_information.package_discovery:Found 1 installed packages in /home/vin/base_ws/src/install
[0.347s] DEBUG:colcon.colcon_installed_package_information.package_discovery:Found 1 installed packages in /home/vin/base_ws/install
[0.348s] DEBUG:colcon.colcon_installed_package_information.package_discovery:Found 266 installed packages in /opt/ros/foxy
[0.349s] Level 1:colcon.colcon_core.package_discovery:discover_packages(prefix_path) using defaults
[0.413s] Level 5:colcon.colcon_core.verb:set package 'bot' build argument 'cmake_args' from command line to 'None'
[0.413s] Level 5:colcon.colcon_core.verb:set package 'bot' build argument 'cmake_target' from command line to 'None'
[0.413s] Level 5:colcon.colcon_core.verb:set package 'bot' build argument 'cmake_target_skip_unavailable' from command line to 'False'
[0.413s] Level 5:colcon.colcon_core.verb:set package 'bot' build argument 'cmake_clean_cache' from command line to 'False'
[0.413s] Level 5:colcon.colcon_core.verb:set package 'bot' build argument 'cmake_clean_first' from command line to 'False'
[0.413s] Level 5:colcon.colcon_core.verb:set package 'bot' build argument 'cmake_force_configure' from command line to 'False'
[0.413s] Level 5:colcon.colcon_core.verb:set package 'bot' build argument 'ament_cmake_args' from command line to 'None'
[0.413s] Level 5:colcon.colcon_core.verb:set package 'bot' build argument 'catkin_cmake_args' from command line to 'None'
[0.413s] Level 5:colcon.colcon_core.verb:set package 'bot' build argument 'catkin_skip_building_tests' from command line to 'False'
[0.413s] DEBUG:colcon.colcon_core.verb:Building package 'bot' with the following arguments: {'ament_cmake_args': None, 'build_base': '/home/vin/base_ws/src/bot/build/bot', 'catkin_cmake_args': None, 'catkin_skip_building_tests': False, 'cmake_args': None, 'cmake_clean_cache': False, 'cmake_clean_first': False, 'cmake_force_configure': False, 'cmake_target': None, 'cmake_target_skip_unavailable': False, 'install_base': '/home/vin/base_ws/src/bot/install/bot', 'merge_install': False, 'path': '/home/vin/base_ws/src/bot', 'symlink_install': True, 'test_result_base': None}
[0.413s] INFO:colcon.colcon_core.executor:Executing jobs using 'parallel' executor
[0.417s] DEBUG:colcon.colcon_parallel_executor.executor.parallel:run_until_complete
[0.417s] INFO:colcon.colcon_ros.task.ament_cmake.build:Building ROS package in '/home/vin/base_ws/src/bot' with build type 'ament_cmake'
[0.417s] INFO:colcon.colcon_cmake.task.cmake.build:Building CMake package in '/home/vin/base_ws/src/bot'
[0.421s] INFO:colcon.colcon_core.plugin_system:Skipping extension 'colcon_core.shell.bat': Not used on non-Windows systems
[0.421s] INFO:colcon.colcon_core.shell:Skip shell extension 'powershell' for command environment: Not usable outside of PowerShell
[0.421s] DEBUG:colcon.colcon_core.shell:Skip shell extension 'dsv' for command environment
[0.434s] DEBUG:colcon.colcon_core.event_handler.log_command:Invoking command in '/home/vin/base_ws/src/bot/build/bot': CMAKE_PREFIX_PATH=${CMAKE_PREFIX_PATH}:/opt/ros/foxy /usr/bin/cmake /home/vin/base_ws/src/bot -DAMENT_CMAKE_SYMLINK_INSTALL=1 -DCMAKE_INSTALL_PREFIX=/home/vin/base_ws/src/bot/install/bot
[1.185s] DEBUG:colcon.colcon_core.event_handler.log_command:Invoked command in '/home/vin/base_ws/src/bot/build/bot' returned '0': CMAKE_PREFIX_PATH=${CMAKE_PREFIX_PATH}:/opt/ros/foxy /usr/bin/cmake /home/vin/base_ws/src/bot -DAMENT_CMAKE_SYMLINK_INSTALL=1 -DCMAKE_INSTALL_PREFIX=/home/vin/base_ws/src/bot/install/bot
[1.188s] DEBUG:colcon.colcon_core.event_handler.log_command:Invoking command in '/home/vin/base_ws/src/bot/build/bot': CMAKE_PREFIX_PATH=${CMAKE_PREFIX_PATH}:/opt/ros/foxy /usr/bin/cmake --build /home/vin/base_ws/src/bot/build/bot -- -j4 -l4
[1.234s] DEBUG:colcon.colcon_core.event_handler.log_command:Invoked command in '/home/vin/base_ws/src/bot/build/bot' returned '0': CMAKE_PREFIX_PATH=${CMAKE_PREFIX_PATH}:/opt/ros/foxy /usr/bin/cmake --build /home/vin/base_ws/src/bot/build/bot -- -j4 -l4
[1.271s] DEBUG:colcon.colcon_core.event_handler.log_command:Invoking command in '/home/vin/base_ws/src/bot/build/bot': CMAKE_PREFIX_PATH=${CMAKE_PREFIX_PATH}:/opt/ros/foxy /usr/bin/cmake --install /home/vin/base_ws/src/bot/build/bot
[1.494s] Level 1:colcon.colcon_core.environment:create_environment_scripts_only(bot)
[1.495s] DEBUG:colcon.colcon_core.event_handler.log_command:Invoked command in '/home/vin/base_ws/src/bot/build/bot' returned '0': CMAKE_PREFIX_PATH=${CMAKE_PREFIX_PATH}:/opt/ros/foxy /usr/bin/cmake --install /home/vin/base_ws/src/bot/build/bot
[1.500s] Level 1:colcon.colcon_core.environment:checking '/home/vin/base_ws/src/bot/install/bot' for CMake module files
[1.500s] Level 1:colcon.colcon_core.environment:checking '/home/vin/base_ws/src/bot/install/bot' for CMake config files
[1.500s] Level 1:colcon.colcon_core.shell:create_environment_hook('bot', 'cmake_prefix_path')
[1.502s] INFO:colcon.colcon_core.shell:Creating environment hook '/home/vin/base_ws/src/bot/install/bot/share/bot/hook/cmake_prefix_path.ps1'
[1.503s] INFO:colcon.colcon_core.shell:Creating environment descriptor '/home/vin/base_ws/src/bot/install/bot/share/bot/hook/cmake_prefix_path.dsv'
[1.503s] INFO:colcon.colcon_core.shell:Creating environment hook '/home/vin/base_ws/src/bot/install/bot/share/bot/hook/cmake_prefix_path.sh'
[1.504s] Level 1:colcon.colcon_core.environment:checking '/home/vin/base_ws/src/bot/install/bot/bin'
[1.504s] Level 1:colcon.colcon_core.environment:checking '/home/vin/base_ws/src/bot/install/bot/lib/pkgconfig/bot.pc'
[1.505s] Level 1:colcon.colcon_core.environment:checking '/home/vin/base_ws/src/bot/install/bot/lib/python3.8/site-packages'
[1.505s] Level 1:colcon.colcon_core.environment:checking '/home/vin/base_ws/src/bot/install/bot/bin'
[1.506s] INFO:colcon.colcon_core.shell:Creating package script '/home/vin/base_ws/src/bot/install/bot/share/bot/package.ps1'
[1.507s] INFO:colcon.colcon_core.shell:Creating package descriptor '/home/vin/base_ws/src/bot/install/bot/share/bot/package.dsv'
[1.507s] INFO:colcon.colcon_core.shell:Creating package script '/home/vin/base_ws/src/bot/install/bot/share/bot/package.sh'
[1.508s] INFO:colcon.colcon_core.shell:Creating package script '/home/vin/base_ws/src/bot/install/bot/share/bot/package.bash'
[1.510s] INFO:colcon.colcon_core.shell:Creating package script '/home/vin/base_ws/src/bot/install/bot/share/bot/package.zsh'
[1.510s] Level 1:colcon.colcon_core.environment:create_file_with_runtime_dependencies(/home/vin/base_ws/src/bot/install/bot/share/colcon-core/packages/bot)
[1.536s] Level 1:colcon.colcon_core.environment:create_environment_scripts_only(bot)
[1.538s] Level 1:colcon.colcon_core.environment:checking '/home/vin/base_ws/src/bot/install/bot' for CMake module files
[1.538s] Level 1:colcon.colcon_core.environment:checking '/home/vin/base_ws/src/bot/install/bot' for CMake config files
[1.538s] Level 1:colcon.colcon_core.shell:create_environment_hook('bot', 'cmake_prefix_path')
[1.540s] INFO:colcon.colcon_core.shell:Creating environment hook '/home/vin/base_ws/src/bot/install/bot/share/bot/hook/cmake_prefix_path.ps1'
[1.540s] INFO:colcon.colcon_core.shell:Creating environment descriptor '/home/vin/base_ws/src/bot/install/bot/share/bot/hook/cmake_prefix_path.dsv'
[1.540s] INFO:colcon.colcon_core.shell:Creating environment hook '/home/vin/base_ws/src/bot/install/bot/share/bot/hook/cmake_prefix_path.sh'
[1.541s] Level 1:colcon.colcon_core.environment:checking '/home/vin/base_ws/src/bot/install/bot/bin'
[1.541s] Level 1:colcon.colcon_core.environment:checking '/home/vin/base_ws/src/bot/install/bot/lib/pkgconfig/bot.pc'
[1.541s] Level 1:colcon.colcon_core.environment:checking '/home/vin/base_ws/src/bot/install/bot/lib/python3.8/site-packages'
[1.541s] Level 1:colcon.colcon_core.environment:checking '/home/vin/base_ws/src/bot/install/bot/bin'
[1.543s] INFO:colcon.colcon_core.shell:Creating package script '/home/vin/base_ws/src/bot/install/bot/share/bot/package.ps1'
[1.543s] INFO:colcon.colcon_core.shell:Creating package descriptor '/home/vin/base_ws/src/bot/install/bot/share/bot/package.dsv'
[1.543s] INFO:colcon.colcon_core.shell:Creating package script '/home/vin/base_ws/src/bot/install/bot/share/bot/package.sh'
[1.544s] INFO:colcon.colcon_core.shell:Creating package script '/home/vin/base_ws/src/bot/install/bot/share/bot/package.bash'
[1.544s] INFO:colcon.colcon_core.shell:Creating package script '/home/vin/base_ws/src/bot/install/bot/share/bot/package.zsh'
[1.544s] Level 1:colcon.colcon_core.environment:create_file_with_runtime_dependencies(/home/vin/base_ws/src/bot/install/bot/share/colcon-core/packages/bot)
[1.544s] DEBUG:colcon.colcon_parallel_executor.executor.parallel:closing loop
[1.545s] DEBUG:colcon.colcon_parallel_executor.executor.parallel:loop closed
[1.545s] DEBUG:colcon.colcon_parallel_executor.executor.parallel:run_until_complete finished with '0'
[1.545s] DEBUG:colcon.colcon_core.event_reactor:joining thread
[1.549s] INFO:colcon.colcon_core.plugin_system:Skipping extension 'colcon_notification.desktop_notification.terminal_notifier': Not used on non-Darwin systems
[1.550s] INFO:colcon.colcon_core.plugin_system:Skipping extension 'colcon_notification.desktop_notification.win32': Not used on non-Windows systems
[1.550s] INFO:colcon.colcon_notification.desktop_notification:Sending desktop notification using 'notify2'
[1.566s] DEBUG:colcon.colcon_core.event_reactor:joined thread
[1.568s] INFO:colcon.colcon_core.shell:Creating prefix script '/home/vin/base_ws/src/bot/install/local_setup.ps1'
[1.569s] INFO:colcon.colcon_core.shell:Creating prefix util module '/home/vin/base_ws/src/bot/install/_local_setup_util_ps1.py'
[1.570s] INFO:colcon.colcon_core.shell:Creating prefix chain script '/home/vin/base_ws/src/bot/install/setup.ps1'
[1.571s] INFO:colcon.colcon_core.shell:Creating prefix script '/home/vin/base_ws/src/bot/install/local_setup.sh'
[1.572s] INFO:colcon.colcon_core.shell:Creating prefix util module '/home/vin/base_ws/src/bot/install/_local_setup_util_sh.py'
[1.572s] INFO:colcon.colcon_core.shell:Creating prefix chain script '/home/vin/base_ws/src/bot/install/setup.sh'
[1.574s] INFO:colcon.colcon_core.shell:Creating prefix script '/home/vin/base_ws/src/bot/install/local_setup.bash'
[1.574s] INFO:colcon.colcon_core.shell:Creating prefix chain script '/home/vin/base_ws/src/bot/install/setup.bash'
[1.575s] INFO:colcon.colcon_core.shell:Creating prefix script '/home/vin/base_ws/src/bot/install/local_setup.zsh'
[1.575s] INFO:colcon.colcon_core.shell:Creating prefix chain script '/home/vin/base_ws/src/bot/install/setup.zsh'
